<?xml version="1.0" encoding="UTF-8"?>
<testng-results ignored="1" total="2" passed="1" failed="0" skipped="0">
  <reporter-output>
  </reporter-output>
  <suite started-at="2023-03-07T11:57:11 IST" name="Default suite" finished-at="2023-03-07T11:57:39 IST" duration-ms="27807">
    <groups>
    </groups>
    <test started-at="2023-03-07T11:57:11 IST" name="Default test" finished-at="2023-03-07T11:57:39 IST" duration-ms="27807">
      <class name="MyntaTestCases.Search_test">
        <test-method is-config="true" signature="LaunchTheBrowser()[pri:0, instance:MyntaTestCases.Search_test@67c33749]" started-at="2023-03-07T11:57:04 IST" name="LaunchTheBrowser" finished-at="2023-03-07T11:57:11 IST" duration-ms="7314" status="PASS">
          <reporter-output>
          </reporter-output>
        </test-method> <!-- LaunchTheBrowser -->
        <test-method signature="SearchProduct()[pri:0, instance:MyntaTestCases.Search_test@67c33749]" started-at="2023-03-07T11:57:11 IST" name="SearchProduct" finished-at="2023-03-07T11:57:39 IST" duration-ms="27781" status="PASS">
          <reporter-output>
          </reporter-output>
        </test-method> <!-- SearchProduct -->
      </class> <!-- MyntaTestCases.Search_test -->
    </test> <!-- Default test -->
  </suite> <!-- Default suite -->
</testng-results>
